# JRE version: OpenJDK Runtime Environment (11.0.10) (build 11.0.10+0-b96-7249189)
# Java VM: OpenJDK 64-Bit Server VM (11.0.10+0-b96-7249189, mixed mode, tiered, compressed oops, g1 gc, linux-amd64)
Heap:
 garbage-first heap   total 485376K, used 109865K [0x0000000080000000, 0x0000000100000000)
  region size 1024K, 2 young (2048K), 2 survivors (2048K)
 Metaspace       used 100391K, capacity 102899K, committed 103296K, reserved 1138688K
  class space    used 12718K, capacity 13643K, committed 13696K, reserved 1048576K
GC Heap History (20 events):
Event: 67.964 GC heap after
{Heap after GC invocations=68 (full 0):
 garbage-first heap   total 180224K, used 96685K [0x0000000080000000, 0x0000000100000000)
  region size 1024K, 4 young (4096K), 4 survivors (4096K)
 Metaspace       used 81809K, capacity 84033K, committed 84224K, reserved 1122304K
  class space    used 10445K, capacity 11204K, committed 11264K, reserved 1048576K
}
Event: 72.159 GC heap before
{Heap before GC invocations=69 (full 0):
 garbage-first heap   total 180224K, used 131501K [0x0000000080000000, 0x0000000100000000)
  region size 1024K, 37 young (37888K), 4 survivors (4096K)
 Metaspace       used 86946K, capacity 89222K, committed 89472K, reserved 1126400K
  class space    used 11064K, capacity 11815K, committed 11904K, reserved 1048576K
}
Event: 72.195 GC heap after
{Heap after GC invocations=70 (full 0):
 garbage-first heap   total 180224K, used 97941K [0x0000000080000000, 0x0000000100000000)
  region size 1024K, 2 young (2048K), 2 survivors (2048K)
 Metaspace       used 86946K, capacity 89222K, committed 89472K, reserved 1126400K
  class space    used 11064K, capacity 11815K, committed 11904K, reserved 1048576K
}
Event: 76.277 GC heap before
{Heap before GC invocations=70 (full 0):
 garbage-first heap   total 180224K, used 133781K [0x0000000080000000, 0x0000000100000000)
  region size 1024K, 37 young (37888K), 2 survivors (2048K)
 Metaspace       used 90251K, capacity 92500K, committed 92928K, reserved 1130496K
  class space    used 11453K, capacity 12236K, committed 12288K, reserved 1048576K
}
Event: 76.293 GC heap after
{Heap after GC invocations=71 (full 0):
 garbage-first heap   total 180224K, used 100064K [0x0000000080000000, 0x0000000100000000)
  region size 1024K, 4 young (4096K), 4 survivors (4096K)
 Metaspace       used 90251K, capacity 92500K, committed 92928K, reserved 1130496K
  class space    used 11453K, capacity 12236K, committed 12288K, reserved 1048576K
}
Event: 85.134 GC heap before
{Heap before GC invocations=72 (full 0):
 garbage-first heap   total 180224K, used 135904K [0x0000000080000000, 0x0000000100000000)
  region size 1024K, 40 young (40960K), 4 survivors (4096K)
 Metaspace       used 91732K, capacity 94098K, committed 94464K, reserved 1130496K
  class space    used 11646K, capacity 12475K, committed 12544K, reserved 1048576K
}
Event: 85.167 GC heap after
{Heap after GC invocations=73 (full 0):
 garbage-first heap   total 180224K, used 102745K [0x0000000080000000, 0x0000000100000000)
  region size 1024K, 5 young (5120K), 5 survivors (5120K)
 Metaspace       used 91732K, capacity 94098K, committed 94464K, reserved 1130496K
  class space    used 11646K, capacity 12475K, committed 12544K, reserved 1048576K
}
Event: 89.787 GC heap before
{Heap before GC invocations=73 (full 0):
 garbage-first heap   total 180224K, used 138585K [0x0000000080000000, 0x0000000100000000)
  region size 1024K, 41 young (41984K), 5 survivors (5120K)
 Metaspace       used 92161K, capacity 94608K, committed 94976K, reserved 1132544K
  class space    used 11665K, capacity 12480K, committed 12544K, reserved 1048576K
}
Event: 89.826 GC heap after
{Heap after GC invocations=74 (full 0):
 garbage-first heap   total 180224K, used 104784K [0x0000000080000000, 0x0000000100000000)
  region size 1024K, 5 young (5120K), 5 survivors (5120K)
 Metaspace       used 92161K, capacity 94608K, committed 94976K, reserved 1132544K
  class space    used 11665K, capacity 12480K, committed 12544K, reserved 1048576K
}
Event: 98.626 GC heap before
{Heap before GC invocations=75 (full 0):
 garbage-first heap   total 180224K, used 142672K [0x0000000080000000, 0x0000000100000000)
  region size 1024K, 42 young (43008K), 5 survivors (5120K)
 Metaspace       used 94148K, capacity 96590K, committed 96768K, reserved 1132544K
  class space    used 11869K, capacity 12726K, committed 12800K, reserved 1048576K
}
Event: 98.781 GC heap after
{Heap after GC invocations=76 (full 0):
 garbage-first heap   total 217088K, used 106855K [0x0000000080000000, 0x0000000100000000)
  region size 1024K, 5 young (5120K), 5 survivors (5120K)
 Metaspace       used 94148K, capacity 96590K, committed 96768K, reserved 1132544K
  class space    used 11869K, capacity 12726K, committed 12800K, reserved 1048576K
}
Event: 115.663 GC heap before
{Heap before GC invocations=76 (full 0):
 garbage-first heap   total 217088K, used 158055K [0x0000000080000000, 0x0000000100000000)
  region size 1024K, 55 young (56320K), 5 survivors (5120K)
 Metaspace       used 98302K, capacity 100865K, committed 101248K, reserved 1136640K
  class space    used 12484K, capacity 13414K, committed 13440K, reserved 1048576K
}
Event: 120.909 GC heap after
{Heap after GC invocations=77 (full 0):
 garbage-first heap   total 217088K, used 107945K [0x0000000080000000, 0x0000000100000000)
  region size 1024K, 4 young (4096K), 4 survivors (4096K)
 Metaspace       used 98302K, capacity 100865K, committed 101248K, reserved 1136640K
  class space    used 12484K, capacity 13414K, committed 13440K, reserved 1048576K
}
Event: 134.535 GC heap before
{Heap before GC invocations=78 (full 0):
 garbage-first heap   total 217088K, used 114089K [0x0000000080000000, 0x0000000100000000)
  region size 1024K, 10 young (10240K), 4 survivors (4096K)
 Metaspace       used 98684K, capacity 101235K, committed 101632K, reserved 1136640K
  class space    used 12517K, capacity 13451K, committed 13568K, reserved 1048576K
}
Event: 134.793 GC heap after
{Heap after GC invocations=79 (full 0):
 garbage-first heap   total 217088K, used 108855K [0x0000000080000000, 0x0000000100000000)
  region size 1024K, 1 young (1024K), 1 survivors (1024K)
 Metaspace       used 98684K, capacity 101235K, committed 101632K, reserved 1136640K
  class space    used 12517K, capacity 13451K, committed 13568K, reserved 1048576K
}
Event: 148.166 GC heap before
{Heap before GC invocations=79 (full 0):
 garbage-first heap   total 217088K, used 118071K [0x0000000080000000, 0x0000000100000000)
  region size 1024K, 10 young (10240K), 1 survivors (1024K)
 Metaspace       used 99324K, capacity 101811K, committed 102144K, reserved 1138688K
  class space    used 12590K, capacity 13515K, committed 13568K, reserved 1048576K
}
Event: 148.347 GC heap after
{Heap after GC invocations=80 (full 0):
 garbage-first heap   total 217088K, used 108792K [0x0000000080000000, 0x0000000100000000)
  region size 1024K, 1 young (1024K), 1 survivors (1024K)
 Metaspace       used 99324K, capacity 101811K, committed 102144K, reserved 1138688K
  class space    used 12590K, capacity 13515K, committed 13568K, reserved 1048576K
}
Event: 172.866 GC heap before
{Heap before GC invocations=81 (full 0):
 garbage-first heap   total 217088K, used 118008K [0x0000000080000000, 0x0000000100000000)
  region size 1024K, 10 young (10240K), 1 survivors (1024K)
 Metaspace       used 99885K, capacity 102387K, committed 102784K, reserved 1138688K
  class space    used 12669K, capacity 13579K, committed 13696K, reserved 1048576K
}
Event: 173.418 GC heap after
{Heap after GC invocations=82 (full 0):
 garbage-first heap   total 217088K, used 109223K [0x0000000080000000, 0x0000000100000000)
  region size 1024K, 2 young (2048K), 2 survivors (2048K)
 Metaspace       used 99885K, capacity 102387K, committed 102784K, reserved 1138688K
  class space    used 12669K, capacity 13579K, committed 13696K, reserved 1048576K
}
Event: 193.814 GC heap before
{Heap before GC invocations=82 (full 0):
 garbage-first heap   total 217088K, used 117415K [0x0000000080000000, 0x0000000100000000)
  region size 1024K, 10 young (10240K), 2 survivors (2048K)
 Metaspace       used 100391K, capacity 102899K, committed 103296K, reserved 1138688K
  class space    used 12718K, capacity 13643K, committed 13696K, reserved 1048576K
}

